<?xml version="1.0" encoding="UTF-8"?>
<!-- Generated by org.testng.reporters.JUnitReportReporter -->
<testsuite hostname="DESKTOP-P8QE850" failures="0" tests="1" name="test.testng1" time="27.183" errors="0" timestamp="2022-06-02T21:16:51 IST" skipped="0">
  <testcase classname="test.testng1" name="login" time="27.183"/>
  <system-out/>
</testsuite> <!-- test.testng1 -->
