<?xml version="1.0" encoding="UTF-8"?>
<!-- Generated by org.testng.reporters.JUnitReportReporter -->
<testsuite hostname="DESKTOP-P8QE850" failures="0" tests="1" name="test.SignupTest" time="32.316" errors="0" timestamp="2022-03-23T19:43:36 IST" skipped="0">
  <testcase classname="test.SignupTest" name="signup" time="32.316"/>
  <system-out/>
</testsuite> <!-- test.SignupTest -->
